<?xml version="1.0" encoding="UTF-8"?>
<!-- Generated by org.testng.reporters.JUnitReportReporter -->
<testsuite hostname="LAPTOP-KD968VD7" failures="0" tests="1" name="WMD_packages.WebMdProject.Main" time="13.668" errors="0" timestamp="2023-07-06T17:54:01 IST" skipped="0">
  <testcase classname="WMD_packages.WebMdProject.Main" name="initialize" time="13.668"/>
  <system-out/>
</testsuite> <!-- WMD_packages.WebMdProject.Main -->
