<?xml version="1.0" encoding="UTF-8"?>
<!-- Generated by org.testng.reporters.JUnitReportReporter -->
<testsuite hostname="LAPTOP-KD968VD7" failures="0" tests="1" name="WMD_packages.WebMdProject.Test_practise" time="0.020" errors="0" timestamp="2023-07-10T16:54:39 IST" skipped="0">
  <testcase classname="WMD_packages.WebMdProject.Test_practise" name="ts" time="0.020"/>
  <system-out/>
</testsuite> <!-- WMD_packages.WebMdProject.Test_practise -->
