<?xml version="1.0" encoding="UTF-8"?>
<!-- Generated by org.testng.reporters.JUnitReportReporter -->
<testsuite hostname="LAPTOP-KD968VD7" failures="0" tests="1" name="WMD_packages.WebMdProject.Landing_page" time="2.837" errors="0" timestamp="2023-07-06T20:48:45 IST" skipped="0">
  <testcase classname="WMD_packages.WebMdProject.Landing_page" name="login" time="2.837"/>
  <system-out/>
</testsuite> <!-- WMD_packages.WebMdProject.Landing_page -->
